{"name":"changeCity","status":"broken","statusDetails":{"known":false,"muted":false,"flaky":false,"message":"Expected condition failed: waiting for visibility of element located by By.className: _1r1GkezLi0 (tried for 10 second(s) with 500 MILLISECONDS interval)","trace":"org.openqa.selenium.TimeoutException: Expected condition failed: waiting for visibility of element located by By.className: _1r1GkezLi0 (tried for 10 second(s) with 500 MILLISECONDS interval)\r\n\tat org.openqa.selenium.support.ui.WebDriverWait.timeoutException(WebDriverWait.java:82)\r\n\tat org.openqa.selenium.support.ui.FluentWait.until(FluentWait.java:231)\r\n\tat ru.beru.pages.PassportPage.fillPasswordAndEnter(PassportPage.java:52)\r\n\tat ru.beru.tests.ChangeCity.changeCity(ChangeCity.java:27)\r\n\tat java.base/jdk.internal.reflect.NativeMethodAccessorImpl.invoke0(Native Method)\r\n\tat java.base/jdk.internal.reflect.NativeMethodAccessorImpl.invoke(NativeMethodAccessorImpl.java:62)\r\n\tat java.base/jdk.internal.reflect.DelegatingMethodAccessorImpl.invoke(DelegatingMethodAccessorImpl.java:43)\r\n\tat java.base/java.lang.reflect.Method.invoke(Method.java:566)\r\n\tat org.testng.internal.MethodInvocationHelper.invokeMethod(MethodInvocationHelper.java:124)\r\n\tat org.testng.internal.Invoker.invokeMethod(Invoker.java:583)\r\n\tat org.testng.internal.Invoker.invokeTestMethod(Invoker.java:719)\r\n\tat org.testng.internal.Invoker.invokeTestMethods(Invoker.java:989)\r\n\tat org.testng.internal.TestMethodWorker.invokeTestMethods(TestMethodWorker.java:125)\r\n\tat org.testng.internal.TestMethodWorker.run(TestMethodWorker.java:109)\r\n\tat org.testng.TestRunner.privateRun(TestRunner.java:648)\r\n\tat org.testng.TestRunner.run(TestRunner.java:505)\r\n\tat org.testng.SuiteRunner.runTest(SuiteRunner.java:455)\r\n\tat org.testng.SuiteRunner.runSequentially(SuiteRunner.java:450)\r\n\tat org.testng.SuiteRunner.privateRun(SuiteRunner.java:415)\r\n\tat org.testng.SuiteRunner.run(SuiteRunner.java:364)\r\n\tat org.testng.SuiteRunnerWorker.runSuite(SuiteRunnerWorker.java:52)\r\n\tat org.testng.SuiteRunnerWorker.run(SuiteRunnerWorker.java:84)\r\n\tat org.testng.TestNG.runSuitesSequentially(TestNG.java:1208)\r\n\tat org.testng.TestNG.runSuitesLocally(TestNG.java:1137)\r\n\tat org.testng.TestNG.runSuites(TestNG.java:1049)\r\n\tat org.testng.TestNG.run(TestNG.java:1017)\r\n\tat com.intellij.rt.testng.IDEARemoteTestNG.run(IDEARemoteTestNG.java:66)\r\n\tat com.intellij.rt.testng.RemoteTestNGStarter.main(RemoteTestNGStarter.java:110)\r\nCaused by: org.openqa.selenium.NoSuchElementException: Cannot locate an element using By.className: _1r1GkezLi0\nFor documentation on this error, please visit: http://seleniumhq.org/exceptions/no_such_element.html\nBuild info: version: '3.8.1', revision: '6e95a6684b', time: '2017-12-01T18:33:54.468Z'\nSystem info: host: 'DESKTOP-51AR1E9', ip: '192.168.1.65', os.name: 'Windows 10', os.arch: 'amd64', os.version: '10.0', java.version: '11.0.5'\nDriver info: driver.version: unknown\r\n\tat org.openqa.selenium.support.ui.ExpectedConditions.lambda$findElement$0(ExpectedConditions.java:882)\r\n\tat java.base/java.util.Optional.orElseThrow(Optional.java:408)\r\n\tat org.openqa.selenium.support.ui.ExpectedConditions.findElement(ExpectedConditions.java:881)\r\n\tat org.openqa.selenium.support.ui.ExpectedConditions.access$000(ExpectedConditions.java:43)\r\n\tat org.openqa.selenium.support.ui.ExpectedConditions$7.apply(ExpectedConditions.java:205)\r\n\tat org.openqa.selenium.support.ui.ExpectedConditions$7.apply(ExpectedConditions.java:201)\r\n\tat org.openqa.selenium.support.ui.FluentWait.until(FluentWait.java:208)\r\n\t... 26 more\r\n"},"stage":"finished","steps":[{"name":"Open homepage","status":"passed","stage":"finished","steps":[],"attachments":[{"name":"Screenshot","source":"9157e801-7eec-48c7-ba78-50bd3f218f08-attachment"}],"parameters":[],"start":1577047542950,"stop":1577047549286},{"name":"Check that current city is Саратов","status":"passed","stage":"finished","steps":[],"attachments":[{"name":"Screenshot","source":"66ead263-b5a5-46da-bdf0-118377097c0b-attachment"},{"name":"Screenshot","source":"cd46a696-cf47-4db8-932a-b3db9b9bccc2-attachment"}],"parameters":[{"name":"cityName","value":"Саратов"}],"start":1577047549288,"stop":1577047554136},{"name":"Change current city to Хвалынск","status":"passed","stage":"finished","steps":[],"attachments":[{"name":"Screenshot","source":"a10d6130-aa4c-4295-8d60-b0518393cbc2-attachment"},{"name":"Screenshot","source":"c8bf525e-eab9-4f66-afd0-dda9f2da413e-attachment"},{"name":"Screenshot","source":"fe4e9706-4144-42f4-ae72-c5318ab56ccd-attachment"},{"name":"Screenshot","source":"bf50b37a-d51f-4995-96e6-87a31af309ee-attachment"},{"name":"Screenshot","source":"88d58ed7-16fd-43fe-8844-7785578ab9d6-attachment"},{"name":"Screenshot","source":"f9005897-ba4f-4d3a-b417-33d0df8df60f-attachment"},{"name":"Screenshot","source":"032f59e6-64cc-4729-a0a4-d65a319e456f-attachment"},{"name":"Screenshot","source":"e231f4a8-8a20-45d7-86ec-06997ecea67c-attachment"},{"name":"Screenshot","source":"552b4f8a-bb42-493a-873e-f934e146c531-attachment"},{"name":"Screenshot","source":"68366542-5708-4835-9721-2221d4a8bcd0-attachment"},{"name":"Screenshot","source":"bce0241c-61cf-47f7-a227-2296e99ff617-attachment"},{"name":"Screenshot","source":"7d950804-888b-4db7-a32b-f6f63c96f6a4-attachment"},{"name":"Screenshot","source":"4102e6c8-85af-402f-9ca3-fb99c2c0e8b3-attachment"},{"name":"Screenshot","source":"d92ec3e8-442a-4f19-949c-b4984b639c9e-attachment"},{"name":"Screenshot","source":"77f84826-40c6-4d71-9ddf-2ddad7cccc3d-attachment"},{"name":"Screenshot","source":"8a10748a-7e72-42c7-802f-7574cbdc8d5d-attachment"}],"parameters":[{"name":"cityName","value":"Хвалынск"}],"start":1577047554136,"stop":1577047589846},{"name":"Check that current city is Хвалынск","status":"passed","stage":"finished","steps":[],"attachments":[{"name":"Screenshot","source":"7fd93b5f-78e7-40cd-ae79-519cd1c9447c-attachment"},{"name":"Screenshot","source":"6936ad46-85b9-4816-a457-8d28a942013b-attachment"}],"parameters":[{"name":"cityName","value":"Хвалынск"}],"start":1577047589847,"stop":1577047593999},{"name":"Open sign-in page","status":"passed","stage":"finished","steps":[],"attachments":[{"name":"Screenshot","source":"c037c844-e601-4406-8a11-d73f82ff17c9-attachment"},{"name":"Screenshot","source":"0151b60a-7358-4221-b087-ee27876f911b-attachment"}],"parameters":[],"start":1577047594000,"stop":1577047600261},{"name":"Fill login field lukashintest","status":"passed","stage":"finished","steps":[],"attachments":[{"name":"Screenshot","source":"963bbe5f-82d9-47a3-976d-5dafe61658f0-attachment"},{"name":"Screenshot","source":"707d591d-f27b-4859-913d-43aa74620581-attachment"},{"name":"Screenshot","source":"68d5754c-8765-4902-8bd5-44474c51c58d-attachment"}],"parameters":[{"name":"login","value":"lukashintest"}],"start":1577047600298,"stop":1577047605933},{"name":"Fill passport field Parol1234","status":"broken","statusDetails":{"known":false,"muted":false,"flaky":false,"message":"Expected condition failed: waiting for visibility of element located by By.className: _1r1GkezLi0 (tried for 10 second(s) with 500 MILLISECONDS interval)","trace":"org.openqa.selenium.TimeoutException: Expected condition failed: waiting for visibility of element located by By.className: _1r1GkezLi0 (tried for 10 second(s) with 500 MILLISECONDS interval)\r\n\tat org.openqa.selenium.support.ui.WebDriverWait.timeoutException(WebDriverWait.java:82)\r\n\tat org.openqa.selenium.support.ui.FluentWait.until(FluentWait.java:231)\r\n\tat ru.beru.pages.PassportPage.fillPasswordAndEnter(PassportPage.java:52)\r\n\tat ru.beru.tests.ChangeCity.changeCity(ChangeCity.java:27)\r\n\tat java.base/jdk.internal.reflect.NativeMethodAccessorImpl.invoke0(Native Method)\r\n\tat java.base/jdk.internal.reflect.NativeMethodAccessorImpl.invoke(NativeMethodAccessorImpl.java:62)\r\n\tat java.base/jdk.internal.reflect.DelegatingMethodAccessorImpl.invoke(DelegatingMethodAccessorImpl.java:43)\r\n\tat java.base/java.lang.reflect.Method.invoke(Method.java:566)\r\n\tat org.testng.internal.MethodInvocationHelper.invokeMethod(MethodInvocationHelper.java:124)\r\n\tat org.testng.internal.Invoker.invokeMethod(Invoker.java:583)\r\n\tat org.testng.internal.Invoker.invokeTestMethod(Invoker.java:719)\r\n\tat org.testng.internal.Invoker.invokeTestMethods(Invoker.java:989)\r\n\tat org.testng.internal.TestMethodWorker.invokeTestMethods(TestMethodWorker.java:125)\r\n\tat org.testng.internal.TestMethodWorker.run(TestMethodWorker.java:109)\r\n\tat org.testng.TestRunner.privateRun(TestRunner.java:648)\r\n\tat org.testng.TestRunner.run(TestRunner.java:505)\r\n\tat org.testng.SuiteRunner.runTest(SuiteRunner.java:455)\r\n\tat org.testng.SuiteRunner.runSequentially(SuiteRunner.java:450)\r\n\tat org.testng.SuiteRunner.privateRun(SuiteRunner.java:415)\r\n\tat org.testng.SuiteRunner.run(SuiteRunner.java:364)\r\n\tat org.testng.SuiteRunnerWorker.runSuite(SuiteRunnerWorker.java:52)\r\n\tat org.testng.SuiteRunnerWorker.run(SuiteRunnerWorker.java:84)\r\n\tat org.testng.TestNG.runSuitesSequentially(TestNG.java:1208)\r\n\tat org.testng.TestNG.runSuitesLocally(TestNG.java:1137)\r\n\tat org.testng.TestNG.runSuites(TestNG.java:1049)\r\n\tat org.testng.TestNG.run(TestNG.java:1017)\r\n\tat com.intellij.rt.testng.IDEARemoteTestNG.run(IDEARemoteTestNG.java:66)\r\n\tat com.intellij.rt.testng.RemoteTestNGStarter.main(RemoteTestNGStarter.java:110)\r\nCaused by: org.openqa.selenium.NoSuchElementException: Cannot locate an element using By.className: _1r1GkezLi0\nFor documentation on this error, please visit: http://seleniumhq.org/exceptions/no_such_element.html\nBuild info: version: '3.8.1', revision: '6e95a6684b', time: '2017-12-01T18:33:54.468Z'\nSystem info: host: 'DESKTOP-51AR1E9', ip: '192.168.1.65', os.name: 'Windows 10', os.arch: 'amd64', os.version: '10.0', java.version: '11.0.5'\nDriver info: driver.version: unknown\r\n\tat org.openqa.selenium.support.ui.ExpectedConditions.lambda$findElement$0(ExpectedConditions.java:882)\r\n\tat java.base/java.util.Optional.orElseThrow(Optional.java:408)\r\n\tat org.openqa.selenium.support.ui.ExpectedConditions.findElement(ExpectedConditions.java:881)\r\n\tat org.openqa.selenium.support.ui.ExpectedConditions.access$000(ExpectedConditions.java:43)\r\n\tat org.openqa.selenium.support.ui.ExpectedConditions$7.apply(ExpectedConditions.java:205)\r\n\tat org.openqa.selenium.support.ui.ExpectedConditions$7.apply(ExpectedConditions.java:201)\r\n\tat org.openqa.selenium.support.ui.FluentWait.until(FluentWait.java:208)\r\n\t... 26 more\r\n"},"stage":"finished","steps":[],"attachments":[{"name":"Screenshot","source":"488eff4f-7970-4c4f-bda0-ba0c473ef15b-attachment"},{"name":"Screenshot","source":"4d76a6c9-f9d1-4fe4-b1da-e9bb0a26a5c0-attachment"}],"parameters":[{"name":"password","value":"Parol1234"}],"start":1577047605934,"stop":1577047619710}],"attachments":[],"parameters":[{"name":"arg1","value":"Хвалынск"},{"name":"arg0","value":"Саратов"}],"start":1577047542864,"stop":1577047619714,"uuid":"bf396a34-6019-4391-8240-d3e2d2ae7f9d","historyId":"97ca3c066a1267fe003b82852f66e690","fullName":"ru.beru.tests.ChangeCity.changeCity","labels":[{"name":"package","value":"ru.beru.tests.ChangeCity"},{"name":"testClass","value":"ru.beru.tests.ChangeCity"},{"name":"testMethod","value":"changeCity"},{"name":"parentSuite","value":"Default Suite"},{"name":"suite","value":"projectberu"},{"name":"subSuite","value":"ru.beru.tests.ChangeCity"},{"name":"host","value":"DESKTOP-51AR1E9"},{"name":"thread","value":"3908@DESKTOP-51AR1E9.main(1)"},{"name":"framework","value":"testng"},{"name":"language","value":"java"}],"links":[]}